<?xml version="1.0" encoding="UTF-8"?>
<!-- Generated by org.testng.reporters.JUnitReportReporter -->
<testsuite hostname="LAPTOP-MV6TKFCB" failures="0" tests="1" name="com.mobileautomationframework.testscripts.LoginTest" time="0.665" errors="0" timestamp="2021-12-31T14:43:10 IST" skipped="0">
  <testcase classname="com.mobileautomationframework.testscripts.LoginTest" name="settingsTest" time="0.665"/>
  <system-out/>
</testsuite> <!-- com.mobileautomationframework.testscripts.LoginTest -->
