<?xml version="1.0" encoding="UTF-8"?>
<!-- Generated by org.testng.reporters.JUnitReportReporter -->
<testsuite hostname="LAPTOP-MV6TKFCB" failures="0" tests="1" name="com.mobileautomationframework.testscripts.AppTest" time="0.003" errors="0" timestamp="2021-12-31T14:43:11 IST" skipped="0">
  <testcase classname="com.mobileautomationframework.testscripts.AppTest" name="shouldAnswerWithTrue" time="0.003"/>
  <system-out/>
</testsuite> <!-- com.mobileautomationframework.testscripts.AppTest -->
